[INFO ] 2019-02-27 18 [main] App - Lancement_Application
[INFO ] 2019-02-27 18 [main] App - Lancement_GestionDesParametres
[INFO ] 2019-02-27 18 [main] App - FinNormale_GestionDesParametres
[INFO ] 2019-02-27 18 [main] App - Lancement_GestionDesParametres
[INFO ] 2019-02-27 18 [main] App - FinNormale_GestionDesParametres
[INFO ] 2019-02-27 18 [main] App - Lancement_GestionDesParametres
[INFO ] 2019-02-27 18 [main] App - FinNormale_GestionDesParametres
[INFO ] 2019-02-27 18 [main] App - FinNormale_Applicaiton
[INFO ] 2019-02-27 18 [main] App - Lancement_Application
[INFO ] 2019-02-27 18 [main] App - Lancement_GestionDesParametres
[INFO ] 2019-02-27 18 [main] App - FinNormale_GestionDesParametres
[INFO ] 2019-02-27 18 [main] App - Lancement_GestionDesParametres
[INFO ] 2019-02-27 18 [main] App - FinNormale_GestionDesParametres
[INFO ] 2019-02-27 18 [main] App - Lancement_GestionDesParametres
[INFO ] 2019-02-27 18 [main] App - FinNormale_GestionDesParametres
[INFO ] 2019-02-27 18 [main] App - FinNormale_Applicaiton
[INFO ] 2019-02-27 [main] App - Lancement_Application
[INFO ] 2019-02-27 [main] App - Lancement_GestionDesParametres
[INFO ] 2019-02-27 [main] App - FinNormale_GestionDesParametres
[INFO ] 2019-02-27 [main] App - Lancement_GestionDesParametres
[INFO ] 2019-02-27 [main] App - FinNormale_GestionDesParametres
[INFO ] 2019-02-27 [main] App - Lancement_GestionDesParametres
[INFO ] 2019-02-27 [main] App - FinNormale_GestionDesParametres
[INFO ] 2019-02-27 [main] App - FinNormale_Applicaiton
